<?xml version="1.0" encoding="UTF-8"?>
<!-- Generated by org.testng.reporters.JUnitXMLReporter -->
<testsuite ignored="0" hostname="Friday" failures="2" tests="3" name="Default test" time="194.926" errors="0" timestamp="2026-04-17T19:26:15 EDT">
  <testcase classname="io.cucumber.testng.AbstractTestNGCucumberTests" name="runScenario" time="72.788">
    <failure type="java.lang.RuntimeException" message="Failed to select country: Country dropdown buttons not appearing after typing: India">
      <![CDATA[java.lang.RuntimeException: Failed to select country: Country dropdown buttons not appearing after typing: India
at Rahulshettyacademy.Mavenprojectframework.CheckoutPage.selectCountry(CheckoutPage.java:348)
at Stepdefinitions.stepdefinitionimpl.user_selects_country_for_checkout(stepdefinitionimpl.java:101)
at ✽.User selects country "India" for checkout(file:///C:/Users/priya/eclipse-workspace/selenium/Mavenprojectframework/src/main/java/cucumber/submitordertest.feature:13)
]]>
    </failure>
  </testcase> <!-- runScenario -->
  <testcase classname="io.cucumber.testng.AbstractTestNGCucumberTests" name="runScenario" time="72.012">
    <failure type="java.lang.RuntimeException" message="Failed to select country: Country dropdown buttons not appearing after typing: India">
      <![CDATA[java.lang.RuntimeException: Failed to select country: Country dropdown buttons not appearing after typing: India
at Rahulshettyacademy.Mavenprojectframework.CheckoutPage.selectCountry(CheckoutPage.java:348)
at Stepdefinitions.stepdefinitionimpl.user_selects_country_for_checkout(stepdefinitionimpl.java:101)
at ✽.User selects country "India" for checkout(file:///C:/Users/priya/eclipse-workspace/selenium/Mavenprojectframework/src/main/java/cucumber/submitordertest.feature:24)
]]>
    </failure>
  </testcase> <!-- runScenario -->
  <testcase classname="io.cucumber.testng.AbstractTestNGCucumberTests" name="runScenario" time="49.645"/>
</testsuite> <!-- Default test -->
