<?xml version="1.0" encoding="UTF-8"?>
<testng-results ignored="0" total="3" passed="1" failed="2" skipped="0">
  <reporter-output>
  </reporter-output>
  <suite started-at="2026-04-17T19:23:00 EDT" name="Default suite" finished-at="2026-04-17T19:26:15 EDT" duration-ms="194926">
    <groups>
      <group name="cucumber">
        <method signature="AbstractTestNGCucumberTests.runScenario(io.cucumber.testng.PickleWrapper,io.cucumber.testng.FeatureWrapper)[pri:0, instance:cucumber.Testngtestrunner@bccb269]" name="runScenario" class="io.cucumber.testng.AbstractTestNGCucumberTests"/>
      </group> <!-- cucumber -->
    </groups>
    <test started-at="2026-04-17T19:23:00 EDT" name="Default test" finished-at="2026-04-17T19:26:15 EDT" duration-ms="194926">
      <class name="cucumber.Testngtestrunner">
        <test-method is-config="true" signature="setUpClass(org.testng.ITestContext)[pri:0, instance:cucumber.Testngtestrunner@bccb269]" started-at="2026-04-17T19:23:00 EDT" name="setUpClass" finished-at="2026-04-17T19:23:00 EDT" duration-ms="421" status="PASS">
          <params>
            <param index="0">
              <value>
                <![CDATA[org.testng.TestRunner@307cf964]]>
              </value>
            </param>
          </params>
          <reporter-output>
          </reporter-output>
        </test-method> <!-- setUpClass -->
        <test-method signature="runScenario(io.cucumber.testng.PickleWrapper,io.cucumber.testng.FeatureWrapper)[pri:0, instance:cucumber.Testngtestrunner@bccb269]" started-at="2026-04-17T19:23:00 EDT" name="runScenario" description="Runs Cucumber Scenarios" data-provider="scenarios" finished-at="2026-04-17T19:24:13 EDT" duration-ms="72788" status="FAIL">
          <params>
            <param index="0">
              <value>
                <![CDATA["Positive Test - User submits order successfully"]]>
              </value>
            </param>
            <param index="1">
              <value>
                <![CDATA["Submit order on ecommerce application"]]>
              </value>
            </param>
          </params>
          <exception class="java.lang.RuntimeException">
            <message>
              <![CDATA[Failed to select country: Country dropdown buttons not appearing after typing: India]]>
            </message>
            <full-stacktrace>
              <![CDATA[java.lang.RuntimeException: Failed to select country: Country dropdown buttons not appearing after typing: India
at Rahulshettyacademy.Mavenprojectframework.CheckoutPage.selectCountry(CheckoutPage.java:348)
at Stepdefinitions.stepdefinitionimpl.user_selects_country_for_checkout(stepdefinitionimpl.java:101)
at ✽.User selects country "India" for checkout(file:///C:/Users/priya/eclipse-workspace/selenium/Mavenprojectframework/src/main/java/cucumber/submitordertest.feature:13)
]]>
            </full-stacktrace>
          </exception> <!-- java.lang.RuntimeException -->
          <reporter-output>
          </reporter-output>
        </test-method> <!-- runScenario -->
        <test-method signature="runScenario(io.cucumber.testng.PickleWrapper,io.cucumber.testng.FeatureWrapper)[pri:0, instance:cucumber.Testngtestrunner@bccb269]" started-at="2026-04-17T19:24:13 EDT" name="runScenario" description="Runs Cucumber Scenarios" data-provider="scenarios" finished-at="2026-04-17T19:25:25 EDT" duration-ms="72012" status="FAIL">
          <params>
            <param index="0">
              <value>
                <![CDATA["Submit multiple orders with different products"]]>
              </value>
            </param>
            <param index="1">
              <value>
                <![CDATA["Submit order on ecommerce application"]]>
              </value>
            </param>
          </params>
          <exception class="java.lang.RuntimeException">
            <message>
              <![CDATA[Failed to select country: Country dropdown buttons not appearing after typing: India]]>
            </message>
            <full-stacktrace>
              <![CDATA[java.lang.RuntimeException: Failed to select country: Country dropdown buttons not appearing after typing: India
at Rahulshettyacademy.Mavenprojectframework.CheckoutPage.selectCountry(CheckoutPage.java:348)
at Stepdefinitions.stepdefinitionimpl.user_selects_country_for_checkout(stepdefinitionimpl.java:101)
at ✽.User selects country "India" for checkout(file:///C:/Users/priya/eclipse-workspace/selenium/Mavenprojectframework/src/main/java/cucumber/submitordertest.feature:24)
]]>
            </full-stacktrace>
          </exception> <!-- java.lang.RuntimeException -->
          <reporter-output>
          </reporter-output>
        </test-method> <!-- runScenario -->
        <test-method signature="runScenario(io.cucumber.testng.PickleWrapper,io.cucumber.testng.FeatureWrapper)[pri:0, instance:cucumber.Testngtestrunner@bccb269]" started-at="2026-04-17T19:25:25 EDT" name="runScenario" description="Runs Cucumber Scenarios" data-provider="scenarios" finished-at="2026-04-17T19:26:15 EDT" duration-ms="49645" status="PASS">
          <params>
            <param index="0">
              <value>
                <![CDATA["Submit multiple orders with different products"]]>
              </value>
            </param>
            <param index="1">
              <value>
                <![CDATA["Submit order on ecommerce application"]]>
              </value>
            </param>
          </params>
          <reporter-output>
          </reporter-output>
        </test-method> <!-- runScenario -->
        <test-method is-config="true" signature="tearDownClass()[pri:0, instance:cucumber.Testngtestrunner@bccb269]" started-at="2026-04-17T19:26:15 EDT" name="tearDownClass" finished-at="2026-04-17T19:26:15 EDT" duration-ms="30" status="PASS">
          <reporter-output>
          </reporter-output>
        </test-method> <!-- tearDownClass -->
      </class> <!-- cucumber.Testngtestrunner -->
    </test> <!-- Default test -->
  </suite> <!-- Default suite -->
</testng-results>
