<?xml version="1.0" encoding="UTF-8"?>
<!-- Generated by org.testng.reporters.JUnitReportReporter -->
<testsuite hostname="Friday" failures="0" tests="3" name="cucumber.Testngtestrunner" time="194.445" errors="2" timestamp="2026-04-17T19:26:15 EDT" skipped="0">
  <testcase classname="cucumber.Testngtestrunner" name="runScenario" time="72.788">
    <error message="Failed to select country: Country dropdown buttons not appearing after typing: India" type="java.lang.RuntimeException">
      <![CDATA[java.lang.RuntimeException: Failed to select country: Country dropdown buttons not appearing after typing: India
at Rahulshettyacademy.Mavenprojectframework.CheckoutPage.selectCountry(CheckoutPage.java:348)
at Stepdefinitions.stepdefinitionimpl.user_selects_country_for_checkout(stepdefinitionimpl.java:101)
at ✽.User selects country "India" for checkout(file:///C:/Users/priya/eclipse-workspace/selenium/Mavenprojectframework/src/main/java/cucumber/submitordertest.feature:13)
]]>
    </error>
  </testcase> <!-- runScenario -->
  <testcase classname="cucumber.Testngtestrunner" name="runScenario" time="49.645"/>
  <testcase classname="cucumber.Testngtestrunner" name="runScenario" time="72.012">
    <error message="Failed to select country: Country dropdown buttons not appearing after typing: India" type="java.lang.RuntimeException">
      <![CDATA[java.lang.RuntimeException: Failed to select country: Country dropdown buttons not appearing after typing: India
at Rahulshettyacademy.Mavenprojectframework.CheckoutPage.selectCountry(CheckoutPage.java:348)
at Stepdefinitions.stepdefinitionimpl.user_selects_country_for_checkout(stepdefinitionimpl.java:101)
at ✽.User selects country "India" for checkout(file:///C:/Users/priya/eclipse-workspace/selenium/Mavenprojectframework/src/main/java/cucumber/submitordertest.feature:24)
]]>
    </error>
  </testcase> <!-- runScenario -->
</testsuite> <!-- cucumber.Testngtestrunner -->
